<?xml version="1.0" encoding="UTF-8"?>
<!-- Generated by org.testng.reporters.JUnitReportReporter -->
<testsuite hostname="DESKTOP-G2QEOA5" failures="0" tests="8" name="test.TestNGClass" time="0.048" errors="0" timestamp="2022-09-22T08:48:15 IST" skipped="0">
  <testcase classname="test.TestNGClass" name="beforeClass" time="0.002"/>
  <system-out/>
  <testcase classname="test.TestNGClass" name="beforeMethod" time="0.006"/>
  <system-out/>
  <testcase classname="test.TestNGClass" name="test" time="0.002"/>
  <system-out/>
  <testcase classname="test.TestNGClass" name="afterMethod" time="0.022"/>
  <system-out/>
  <testcase classname="test.TestNGClass" name="afterClass" time="0.004"/>
  <system-out/>
  <testcase classname="test.TestNGClass" name="afterClass" time="0.004"/>
  <system-out/>
  <testcase classname="test.TestNGClass" name="afterClass" time="0.003"/>
  <system-out/>
  <testcase classname="test.TestNGClass" name="afterClass" time="0.005"/>
  <system-out/>
</testsuite> <!-- test.TestNGClass -->
