<?xml version="1.0" encoding="UTF-8"?>
<!-- Generated by org.testng.reporters.JUnitReportReporter -->
<testsuite hostname="DESKTOP-G2QEOA5" failures="0" tests="8" name="Amazon.TestNG" time="0.040" errors="0" timestamp="2022-09-22T08:48:15 IST" skipped="0">
  <testcase classname="Amazon.TestNG" name="beforeClass" time="0.021"/>
  <system-out/>
  <testcase classname="Amazon.TestNG" name="beforeMethod" time="0.003"/>
  <system-out/>
  <testcase classname="Amazon.TestNG" name="test" time="0.007"/>
  <system-out/>
  <testcase classname="Amazon.TestNG" name="afterMethod" time="0.002"/>
  <system-out/>
  <testcase classname="Amazon.TestNG" name="afterClass" time="0.001"/>
  <system-out/>
  <testcase classname="Amazon.TestNG" name="afterClass" time="0.002"/>
  <system-out/>
  <testcase classname="Amazon.TestNG" name="afterClass" time="0.002"/>
  <system-out/>
  <testcase classname="Amazon.TestNG" name="afterClass" time="0.002"/>
  <system-out/>
</testsuite> <!-- Amazon.TestNG -->
